C51 COMPILER V9.57.0.0   RUNHROSELED                                                       01/10/2020 23:45:37 PAGE 1   


C51 COMPILER V9.57.0.0, COMPILATION OF MODULE RUNHROSELED
OBJECT MODULE PLACED IN .\Objects\runHroseLed.obj
COMPILER INVOKED BY: D:\Keil uVision5\C51\BIN\C51.EXE runHroseLed.c OPTIMIZE(8,SPEED) BROWSE DEBUG OBJECTEXTEND PRINT(.\
                    -Listings\runHroseLed.lst) TABS(2) OBJECT(.\Objects\runHroseLed.obj)

line level    source

   1          #include "reg51.h"
   2          typedef unsigned char u8;
   3          typedef unsigned int u32;
   4          
   5          
   6          void delay(u32 ms)
   7          {
   8   1        u32 i;
   9   1        for(;ms!=0;ms--)
  10   1        for(i=0;i<30;i++);
  11   1      }
  12          
  13          void run_hrose(u8 mode)
  14          {
  15   1        u8 i;
  16   1        switch(mode)
  17   1        {
  18   2          case 1:
  19   2            for(i=1;i!=0;i=i<<1)
  20   2            {
  21   3              P2 = ~i;
  22   3              delay(1000);
  23   3            }
  24   2            break;
  25   2          case 2:
  26   2            for(i=0x80;i!=0;i=i>>1)
  27   2            {
  28   3              P2 = ~i;
  29   3              delay(1000);
  30   3            }
  31   2            break;
  32   2          case 3:
  33   2            P2 = 0xff;
  34   2            for(i=0;i<=7;i++)
  35   2            {
  36   3              P2 = ~((~P2)+(1<<i));
  37   3              delay(1000);
  38   3            }
  39   2            break;
  40   2          case 4:
  41   2            P2 = 0xff;
  42   2            for(i=0;i<=7;i++)
  43   2            {
  44   3              P2 = ~((~P2)+(1<<(7-i)));
  45   3              delay(1000);
  46   3            }
  47   2            break;
  48   2          case 5:
  49   2            for(i=1;i<=5;i++)
  50   2            {
  51   3              P2 = 0x0;
  52   3              delay(1000);
  53   3              P2 = 0xff;
  54   3              delay(1000);
C51 COMPILER V9.57.0.0   RUNHROSELED                                                       01/10/2020 23:45:37 PAGE 2   

  55   3            }
  56   2            break;
  57   2        }
  58   1      }
  59          
  60          void main()
  61          {
  62   1        int i;
  63   1        while(1)
  64   1        {
  65   2          for(i=1;i<=5;i++)
  66   2          run_hrose(i);
  67   2        }
  68   1      }


MODULE INFORMATION:   STATIC OVERLAYABLE
   CODE SIZE        =    173    ----
   CONSTANT SIZE    =   ----    ----
   XDATA SIZE       =   ----    ----
   PDATA SIZE       =   ----    ----
   DATA SIZE        =   ----    ----
   IDATA SIZE       =   ----    ----
   BIT SIZE         =   ----    ----
END OF MODULE INFORMATION.


C51 COMPILATION COMPLETE.  0 WARNING(S),  0 ERROR(S)
