C51 COMPILER V9.57.0.0   TIME                                                              01/15/2020 11:34:03 PAGE 1   


C51 COMPILER V9.57.0.0, COMPILATION OF MODULE TIME
OBJECT MODULE PLACED IN .\Objects\TIME.obj
COMPILER INVOKED BY: D:\Keil uVision5\C51\BIN\C51.EXE TIME.c OPTIMIZE(8,SPEED) BROWSE DEBUG OBJECTEXTEND PRINT(.\Listing
                    -s\TIME.lst) TABS(2) OBJECT(.\Objects\TIME.obj)

line level    source

   1          /***********************************************
   2           *  auther:YI
   3           *  time:2020-1-15-10:41
   4           *
   5           *  计时器，按下开始和停止
   6           *  WX位选接J12
   7           *  DX段选接J16    
   8           *  CON（控制）接独立按键
   9          ************************************************/
  10          #include <reg52.h>
  11          #include <intrins.h>
  12          typedef unsigned char u8;
  13          typedef unsigned int u16;                                                                                 
             -       
  14          typedef unsigned long u32;
  15          
  16          void Time0_interrupt_config(void); //配置函数
  17          void delayms(u32 ms);//延时函数
  18          
  19          #define WX P2
  20          #define DX P0
  21          sbit CON=P3^3;
  22          
  23          u8 tab_num[]  = {0x3f, 0x06, 0x5b, 0x4f, 0x66, 0x6d, 0x7d, 0x07, 0x7f, 0x6f, 0x40}; //段选
  24          u8 disp_led[] = {0x7f, 0xbf, 0xdf, 0xef, 0xf7, 0xfb, 0xfd ,0xfe};                   //位选
  25          u32 timestamp=0;        //时间戳
  26          u8 dispvlu[8]={0,0,10,0,0,10,0,0};
  27          u8 i;
  28          
  29          void main()
  30          {
  31   1        Time0_interrupt_config();
  32   1        while(1)
  33   1        {
  34   2          dispvlu[7]=timestamp%60%10;
  35   2          dispvlu[6]=timestamp%60/10;
  36   2          
  37   2          dispvlu[4]=timestamp/60%60%10;
  38   2          dispvlu[3]=timestamp/60%60/10;
  39   2          
  40   2          dispvlu[1]=timestamp/60/60%10;
  41   2          dispvlu[0]=timestamp/60/60/10;
  42   2          
  43   2          for(i=0;i<8;i++)
  44   2          {
  45   3            WX = disp_led[i];
  46   3            DX = tab_num[ dispvlu[i] ];
  47   3            delayms(1);
  48   3            DX = 0x00;
  49   3          }
  50   2        }
  51   1      }
  52          /**********************************************
  53           *  定时器终止的配置函数
C51 COMPILER V9.57.0.0   TIME                                                              01/15/2020 11:34:03 PAGE 2   

  54          ************************************************/
  55          void Time0_interrupt_config(void)
  56          { 
  57   1        ET0=1;    //源允许 
  58   1        TR0=1;    //启动定时器
  59   1        TMOD=0x01;//定时器模式
  60   1        EA=1;     //总允许
  61   1        TH0=0xc8; 
  62   1        TL0=0xf0;
  63   1      }
  64          
  65          void delayms(u32 ms)//延时函数
  66          {
  67   1        u8 i;
  68   1        while(ms--)
  69   1        {
  70   2          for(i=0;i<85;i++);
  71   2        }
  72   1      }
  73          
  74          void Time0Con(void) interrupt 1
  75          {
  76   1        TH0=0xc8; 
  77   1        TL0=0xf0;
  78   1        timestamp++;
  79   1      }


MODULE INFORMATION:   STATIC OVERLAYABLE
   CODE SIZE        =    379    ----
   CONSTANT SIZE    =   ----    ----
   XDATA SIZE       =   ----    ----
   PDATA SIZE       =   ----    ----
   DATA SIZE        =     32       4
   IDATA SIZE       =   ----    ----
   BIT SIZE         =   ----    ----
END OF MODULE INFORMATION.


C51 COMPILATION COMPLETE.  0 WARNING(S),  0 ERROR(S)
