C51 COMPILER V9.57.0.0   CLICK                                                             01/15/2020 11:19:48 PAGE 1   


C51 COMPILER V9.57.0.0, COMPILATION OF MODULE CLICK
OBJECT MODULE PLACED IN .\Objects\click.obj
COMPILER INVOKED BY: D:\Keil uVision5\C51\BIN\C51.EXE click.c OPTIMIZE(8,SPEED) BROWSE DEBUG OBJECTEXTEND PRINT(.\Listin
                    -gs\click.lst) TABS(2) OBJECT(.\Objects\click.obj)

line level    source

   1          /***********************************************
   2           *  auther:YI
   3           *  time:2020-1-14-10:30
   4           *
   5           *  时钟++中断服务
   6           *  WX位选接J12
   7           *  DX段选接J16    
   8           *  CON（控制）接独立按键
   9          ************************************************/
  10          #include <reg52.h>
  11          #include <intrins.h>
  12          typedef unsigned char u8;
  13          typedef unsigned int u16;                                                                                 
             -       
  14          typedef unsigned long u32;
  15          
  16          void delayms(u32 ms);       //延时函数
  17          void interrupt_config(void); //配置函数
  18            
  19          #define WX P2
  20          #define DX P0
  21          sbit CON=P3^3;
  22          
  23          u8 tab_num[]  = {0x3f, 0x06, 0x5b, 0x4f, 0x66, 0x6d, 0x7d, 0x07, 0x7f, 0x6f, 0x40}; //段选
  24          u8 disp_led[] = {0x7f, 0xbf, 0xdf, 0xef, 0xf7, 0xfb, 0xfd ,0xfe};                   //位选
  25          u32 timestamp=0;        //时间戳
  26          u8 dispvlu[8]={0,0,10,0,0,10,0,0};
  27          u8 i;
  28          
  29          void main()
  30          {
  31   1        EA=1;
  32   1        EX1=1;  
  33   1        IT1=1;
  34   1        while(1)
  35   1        {
  36   2          dispvlu[7]=timestamp%60%10;
  37   2          dispvlu[6]=timestamp%60/10;
  38   2          
  39   2          dispvlu[4]=timestamp/60%60%10;
  40   2          dispvlu[3]=timestamp/60%60/10;
  41   2          
  42   2          dispvlu[1]=timestamp/60/60%10;
  43   2          dispvlu[0]=timestamp/60/60/10;
  44   2          
  45   2          for(i=0;i<8;i++)
  46   2          {
  47   3            WX = disp_led[i];
  48   3            DX = tab_num[ dispvlu[i] ];
  49   3            delayms(1);
  50   3            DX = 0x00;
  51   3          }
  52   2        }
  53   1      }
C51 COMPILER V9.57.0.0   CLICK                                                             01/15/2020 11:19:48 PAGE 2   

  54          
  55          void interrupt_config(void)
  56          {
  57   1        EA=1;   //总允许
  58   1        EX1=1;  //源允许
  59   1        IT1=1;  //触发方式
  60   1      }
  61          
  62          
  63          void delayms(u32 ms)//延时函数
  64          {
  65   1        u8 i;
  66   1        while(ms--)
  67   1        {
  68   2          for(i=0;i<85;i++);
  69   2        }
  70   1      }
  71          
  72          void timeSet(void) interrupt 2
  73          {
  74   1        u8 i=10,j;
  75   1        while(i--)
  76   1          for(j=0;j<85;j++);
  77   1        timestamp++;
  78   1        IE1=0;
  79   1      }


MODULE INFORMATION:   STATIC OVERLAYABLE
   CODE SIZE        =    403    ----
   CONSTANT SIZE    =   ----    ----
   XDATA SIZE       =   ----    ----
   PDATA SIZE       =   ----    ----
   DATA SIZE        =     32       4
   IDATA SIZE       =   ----    ----
   BIT SIZE         =   ----    ----
END OF MODULE INFORMATION.


C51 COMPILATION COMPLETE.  0 WARNING(S),  0 ERROR(S)
