C51 COMPILER V9.57.0.0   INTERRPUT                                                         01/14/2020 10:29:56 PAGE 1   


C51 COMPILER V9.57.0.0, COMPILATION OF MODULE INTERRPUT
OBJECT MODULE PLACED IN .\Objects\interrput.obj
COMPILER INVOKED BY: D:\Keil uVision5\C51\BIN\C51.EXE interrput.c OPTIMIZE(8,SPEED) BROWSE DEBUG OBJECTEXTEND PRINT(.\Li
                    -stings\interrput.lst) TABS(2) OBJECT(.\Objects\interrput.obj)

line level    source

   1          /***********************************************
   2           *  auther:YI
   3           *  time:2020-1-14-10:30
   4           *
   5           *  
   6           *  Col接矩阵列(JP12)
   7           *  
   8          ************************************************/
   9          #include <reg52.h>
  10          #include <intrins.h>
  11          typedef unsigned char u8;
  12          typedef unsigned int u16;                                                                                 
             -       
  13          typedef unsigned long u32;
  14          void delayms(u32 ms);   //延时函数
  15          
  16          #define LED P0
  17          
  18          void main()
  19          {
  20   1        EA  = 1;
  21   1        EX0 = 1;
  22   1        IT0 = 1;
  23   1        LED=0x00;
  24   1        while(1)
  25   1        {
  26   2          delayms(50);
  27   2        }
  28   1      }
  29          
  30          
  31          void function1() interrupt 0
  32          {
  33   1        LED = 0xff;
  34   1      }
  35          
  36          
  37          void delayms(u32 ms)
  38          {
  39   1        u8 i;
  40   1        while(ms--)
  41   1        {
  42   2          for(i=0;i<85;i++);
  43   2        }
  44   1      }
  45            


MODULE INFORMATION:   STATIC OVERLAYABLE
   CODE SIZE        =     59    ----
   CONSTANT SIZE    =   ----    ----
   XDATA SIZE       =   ----    ----
   PDATA SIZE       =   ----    ----
   DATA SIZE        =   ----       4
C51 COMPILER V9.57.0.0   INTERRPUT                                                         01/14/2020 10:29:56 PAGE 2   

   IDATA SIZE       =   ----    ----
   BIT SIZE         =   ----    ----
END OF MODULE INFORMATION.


C51 COMPILATION COMPLETE.  0 WARNING(S),  0 ERROR(S)
