C51 COMPILER V9.57.0.0   DIGITALLED                                                        01/19/2020 14:10:29 PAGE 1   


C51 COMPILER V9.57.0.0, COMPILATION OF MODULE DIGITALLED
OBJECT MODULE PLACED IN .\Objects\digitalLed.obj
COMPILER INVOKED BY: D:\Keil uVision5\C51\BIN\C51.EXE digitalLed.c OPTIMIZE(8,SPEED) BROWSE DEBUG OBJECTEXTEND PRINT(.\L
                    -istings\digitalLed.lst) TABS(2) OBJECT(.\Objects\digitalLed.obj)

line level    source

   1          #include <reg51.h>
   2          #include <intrins.h>
   3          typedef unsigned char u8;
   4          typedef unsigned int u16;
   5          typedef unsigned long u32;
   6          
   7          void delay(u32 ms)
   8          {
   9   1        u8 i;
  10   1        while(ms--)
  11   1        for(i=0;i<170;i++);
  12   1      }
  13          
  14          int main()
  15          {
  16   1        u8 tab[20]={0xc0, 0xf9, 0xa4, 0xb0, 0x99, 0x92, 0x82, 0xf8, 0x80, 0x90,0x88, 0x83, 0xc6, 0xa1, 0x86, 0x8e
             -,0x89 ,0x9 ,0x89 ,0x9};
  17   1        u8 i;
  18   1        while(1)
  19   1        {
  20   2          for(i=0;i<19;i++)
  21   2          {
  22   3            P0=tab[i];
  23   3            delay(500);
  24   3          }
  25   2        }
  26   1      }


MODULE INFORMATION:   STATIC OVERLAYABLE
   CODE SIZE        =     78    ----
   CONSTANT SIZE    =     20    ----
   XDATA SIZE       =   ----    ----
   PDATA SIZE       =   ----    ----
   DATA SIZE        =   ----      24
   IDATA SIZE       =   ----    ----
   BIT SIZE         =   ----    ----
END OF MODULE INFORMATION.


C51 COMPILATION COMPLETE.  0 WARNING(S),  0 ERROR(S)
