C51 COMPILER V9.57.0.0   LED                                                               01/15/2020 16:37:27 PAGE 1   


C51 COMPILER V9.57.0.0, COMPILATION OF MODULE LED
OBJECT MODULE PLACED IN .\Objects\LED.obj
COMPILER INVOKED BY: D:\Keil uVision5\C51\BIN\C51.EXE LED.c OPTIMIZE(8,SPEED) BROWSE DEBUG OBJECTEXTEND PRINT(.\Listings
                    -\LED.lst) TABS(2) OBJECT(.\Objects\LED.obj)

line level    source

   1          /***********************************************
   2           *  auther:YI
   3           *  time:2020-1-15-15:20
   4           *
   5           *  作业三
   6           *  LED接LED
   7           *  Buttom接独立按键
   8          ************************************************/
   9          #include <reg52.h>
  10          #include <intrins.h>
  11          typedef unsigned char u8;
  12          typedef unsigned int  u16;                                                                                
             -        
  13          typedef unsigned long u32;
  14          
  15          void interrupt_config(void); //配置函数
  16          void delayms(u8 ms);         //延时函数
  17          #define LED P0
  18          
  19          u8 run_state=1;
  20          u8 LIG=0;
  21          
  22          /****************************
  23           *        主函数
  24          *****************************/
  25          void main()
  26          {
  27   1        interrupt_config();//配置
  28   1        while(1)
  29   1        {
  30   2          LED = 0x00;
  31   2          delayms(LIG);
  32   2          LED = 0xff;
  33   2          delayms(100-LIG);
  34   2        }
  35   1      }
  36          
  37          /****************************
  38           *        延时函数
  39          *****************************/
  40          void delayms(u8 ms)
  41          {
  42   1        u8 i;
  43   1        while(ms--)
  44   1        {
  45   2          for(i=0;i<1;i++);
  46   2        }
  47   1      }
  48          
  49          /****************************
  50           *   中断服务配置函数
  51          *****************************/
  52          void interrupt_config(void)
  53          {   
C51 COMPILER V9.57.0.0   LED                                                               01/15/2020 16:37:27 PAGE 2   

  54   1      //定时器配置
  55   1        TMOD = 0x01;  //启动方式+功能选择+模式选择
  56   1        TH0=0xd8;     //计数器高4位
  57   1        TL0=0xf0;     //计数器低4位
  58   1        TR0=1;        //源允许 
  59   1        ET0=1;        //启动
  60   1        
  61   1      //外部中断Buttom配置
  62   1        IT0=1;        //触发方式
  63   1        EX0=1;        //源允许
  64   1      
  65   1      //开！
  66   1        EA=1;         //总允许
  67   1      }
  68          
  69          
  70          /****************************
  71           *     中断服务函数
  72          *****************************/
  73          void T0Con(void) interrupt 1//定时器触发函数
  74          {
  75   1        static u8 flag=0;
  76   1        if(run_state)
  77   1        {
  78   2          if(flag==0)
  79   2          {
  80   3            if(++LIG==100)
  81   3            {
  82   4              flag=1;
  83   4            }
  84   3          }
  85   2          else
  86   2          {
  87   3            if(--LIG==0)
  88   3            {
  89   4              flag=0;
  90   4            }
  91   3          }
  92   2        }
  93   1        
  94   1        TH0=0xd8; //复位
  95   1        TL0=0xf0; //复位
  96   1      }
  97          
  98          void I0Con(void) interrupt 0//外部中断触发函数
  99          {
 100   1        u8 i,j;
 101   1        if(run_state)
 102   1        {
 103   2          run_state=0;
 104   2        }
 105   1        else
 106   1        {
 107   2          run_state=1;
 108   2        }
 109   1        
 110   1        for(i=0;i<255;i++)  //消抖！
 111   1        {
 112   2          LED=0x00;
 113   2          for(j=0;j<=LIG;j++);
 114   2          LED=0xff;
 115   2          for(j=0;j<=100-LIG;j++);
C51 COMPILER V9.57.0.0   LED                                                               01/15/2020 16:37:27 PAGE 3   

 116   2        }
 117   1        IE0=0;        //中断标记置零！
 118   1      }


MODULE INFORMATION:   STATIC OVERLAYABLE
   CODE SIZE        =    181    ----
   CONSTANT SIZE    =   ----    ----
   XDATA SIZE       =   ----    ----
   PDATA SIZE       =   ----    ----
   DATA SIZE        =      3    ----
   IDATA SIZE       =   ----    ----
   BIT SIZE         =   ----    ----
END OF MODULE INFORMATION.


C51 COMPILATION COMPLETE.  0 WARNING(S),  0 ERROR(S)
