C51 COMPILER V9.57.0.0   LED                                                               01/15/2020 15:06:05 PAGE 1   


C51 COMPILER V9.57.0.0, COMPILATION OF MODULE LED
OBJECT MODULE PLACED IN .\Objects\LED.obj
COMPILER INVOKED BY: D:\Keil uVision5\C51\BIN\C51.EXE LED.c OPTIMIZE(8,SPEED) BROWSE DEBUG OBJECTEXTEND PRINT(.\Listings
                    -\LED.lst) TABS(2) OBJECT(.\Objects\LED.obj)

line level    source

   1          /***********************************************
   2           *  auther:YI
   3           *  time:2020-1-15-14:45
   4           *
   5           *  作业一
   6           *  LED接LED
   7           *  Buttom接独立按键
   8          ************************************************/
   9          #include <reg52.h>
  10          #include <intrins.h>
  11          typedef unsigned char u8;
  12          typedef unsigned int  u16;                                                                                
             -        
  13          typedef unsigned long u32;
  14          
  15          void interrupt_config(void); //配置函数
  16          void delayms(u32 ms);        //延时函数
  17          
  18          #define LED P2
  19          #define Buttom P3^2;
  20          
  21          u8 frequency=1;//LED闪烁的频率
  22          
  23          /****************************
  24           *        主函数
  25          *****************************/
  26          void main()
  27          {
  28   1        LED=0;
  29   1        interrupt_config();
  30   1        while(1);
  31   1      }
  32          
  33          /****************************
  34           *        延时函数
  35          *****************************/
  36          void delayms(u32 ms)
  37          {
  38   1        u8 i;
  39   1        while(ms--)
  40   1        {
  41   2          for(i=0;i<85;i++);
  42   2        }
  43   1      }
  44          
  45          /****************************
  46           *   中断服务配置函数
  47          *****************************/
  48          void interrupt_config(void)
  49          {   
  50   1      //定时器配置
  51   1        TMOD = 0x01;  //启动方式+功能选择+模式选择
  52   1        TH0=0x3d;     //计数器高4位
  53   1        TL0=0xb0;     //计数器低4位
C51 COMPILER V9.57.0.0   LED                                                               01/15/2020 15:06:05 PAGE 2   

  54   1        TR0=1;        //源允许 
  55   1        ET0=1;        //启动
  56   1        
  57   1      //外部中断Buttom配置
  58   1        IT0=1;        //触发方式
  59   1        EX0=1;        //源允许
  60   1        
  61   1      //开！
  62   1        EA=1;         //总允许
  63   1      }
  64          
  65          /****************************
  66           *     中断服务函数
  67          *****************************/
  68          void TCon(void) interrupt 1//定时器触发函数
  69          {
  70   1        static num=0;
  71   1        TH0=0x3c; //复位
  72   1        TL0=0xb0; //复位
  73   1        if(++num>frequency)
  74   1        {
  75   2          LED = ~LED;
  76   2          num=0;
  77   2        }
  78   1      }
  79          
  80          void BCon(void) interrupt 0//外部中断触发函数
  81          {
  82   1        frequency++;
  83   1        if(frequency>10)
  84   1        {
  85   2          frequency=1;
  86   2        }
  87   1        
  88   1        delayms(100); //防抖！！
  89   1        IE0=0;        //中断标记置零！
  90   1      }


MODULE INFORMATION:   STATIC OVERLAYABLE
   CODE SIZE        =    172    ----
   CONSTANT SIZE    =   ----    ----
   XDATA SIZE       =   ----    ----
   PDATA SIZE       =   ----    ----
   DATA SIZE        =      3       4
   IDATA SIZE       =   ----    ----
   BIT SIZE         =   ----    ----
END OF MODULE INFORMATION.


C51 COMPILATION COMPLETE.  0 WARNING(S),  0 ERROR(S)
