C51 COMPILER V9.57.0.0   BUTTOM                                                            01/13/2020 13:58:34 PAGE 1   


C51 COMPILER V9.57.0.0, COMPILATION OF MODULE BUTTOM
OBJECT MODULE PLACED IN .\Objects\buttom.obj
COMPILER INVOKED BY: D:\Keil uVision5\C51\BIN\C51.EXE buttom.c OPTIMIZE(8,SPEED) BROWSE DEBUG OBJECTEXTEND PRINT(.\Listi
                    -ngs\buttom.lst) OBJECT(.\Objects\buttom.obj)

line level    source

   1          /**********************************************************************
   2           *      auther:YI
   3           *      time:2020-1-13-9:23
   4           *
   5           *      LED接JP3(静态LED) buttom接JP4(矩阵按钮)
   6           *      注:矩阵按钮为3*4    要改成4*4只要把扫描函数后面的   -4  去掉
   7          ***********************************************************************/
   8          
   9          #include <reg51.h>
  10          #include <intrins.h>
  11          #define Buttom P2
  12          #define LED P0
  13          typedef unsigned char u8;
  14          typedef unsigned int u16;
  15          typedef unsigned long u32;
  16          void delayms(u32 ms);           //延时函数
  17          u8 scanButtom(void);            //扫描矩阵按键
  18          
  19          u8 disp_vlu[] = {0xc0, 0xf9, 0xa4, 0xb0, 0x99, 0x92, 0x82, 0xf8, 0x80, 0x90, 0x88, 0x83, 0xc6, 0xa1, 0x86,
             - 0x8e, 0x8e};//静态LED显示的值
  20          
  21          void main()
  22          {
  23   1              LED = disp_vlu[ scanButtom() ];
  24   1              delayms(50);
  25   1      }
  26          
  27          void delayms(u32 ms)
  28          {
  29   1              u8 i;
  30   1              while(ms--)
  31   1              {
  32   2                      for(i=0;i<85;i++);
  33   2              }
  34   1      }
  35          
  36          /********************************************
  37           *      函数作用:扫描按键
  38           *      形参:无
  39           *  返回:按键编号(无则为0)
  40          *********************************************/
  41          u8 scanButtom(void)
  42          {
  43   1              u8 key=0;
  44   1              
  45   1              Buttom = 0xf0;
  46   1              if(!(Buttom==0xf0))
  47   1              {
  48   2                      switch(Buttom)
  49   2                      {
  50   3                              case 0x70:key=0;break;
  51   3                              case 0xb0:key=4;break;
  52   3                              case 0xd0:key=8;break;
  53   3                              case 0xe0:key=12;break;
C51 COMPILER V9.57.0.0   BUTTOM                                                            01/13/2020 13:58:34 PAGE 2   

  54   3                      }
  55   2                      Buttom = 0x0f;
  56   2                      if(!(Buttom==0x0f))
  57   2                      {
  58   3                              switch(Buttom)
  59   3                              {
  60   4                                      case 0x07:return key+1-4;
  61   4                                      case 0x0b:return key+2-4;
  62   4                                      case 0x0d:return key+3-4;
  63   4                                      case 0x0e:return key+4-4;
  64   4                              }
  65   3                      }
  66   2              }
  67   1              return 0;
  68   1      }


MODULE INFORMATION:   STATIC OVERLAYABLE
   CODE SIZE        =    153    ----
   CONSTANT SIZE    =   ----    ----
   XDATA SIZE       =   ----    ----
   PDATA SIZE       =   ----    ----
   DATA SIZE        =     17       4
   IDATA SIZE       =   ----    ----
   BIT SIZE         =   ----    ----
END OF MODULE INFORMATION.


C51 COMPILATION COMPLETE.  0 WARNING(S),  0 ERROR(S)
